# JRE version: Java(TM) SE Runtime Environment 18.9 (11.0.22+9) (build 11.0.22+9-LTS-219)
# Java VM: Java HotSpot(TM) 64-Bit Server VM 18.9 (11.0.22+9-LTS-219, mixed mode, tiered, compressed oops, g1 gc, windows-amd64)
Heap:
 garbage-first heap   total 366592K, used 272545K [0x0000000709800000, 0x0000000800000000)
  region size 1024K, 199 young (203776K), 1 survivors (1024K)
 Metaspace       used 91295K, capacity 94568K, committed 94828K, reserved 1132544K
  class space    used 10936K, capacity 12167K, committed 12236K, reserved 1048576K
GC Heap History (10 events):
Event: 7842.745 GC heap before
{Heap before GC invocations=35 (full 0):
 garbage-first heap   total 366592K, used 288921K [0x0000000709800000, 0x0000000800000000)
  region size 1024K, 214 young (219136K), 1 survivors (1024K)
 Metaspace       used 91295K, capacity 94568K, committed 94828K, reserved 1132544K
  class space    used 10936K, capacity 12167K, committed 12236K, reserved 1048576K
}
Event: 7842.748 GC heap after
{Heap after GC invocations=36 (full 0):
 garbage-first heap   total 366592K, used 70729K [0x0000000709800000, 0x0000000800000000)
  region size 1024K, 1 young (1024K), 1 survivors (1024K)
 Metaspace       used 91295K, capacity 94568K, committed 94828K, reserved 1132544K
  class space    used 10936K, capacity 12167K, committed 12236K, reserved 1048576K
}
Event: 8265.812 GC heap before
{Heap before GC invocations=36 (full 0):
 garbage-first heap   total 366592K, used 288841K [0x0000000709800000, 0x0000000800000000)
  region size 1024K, 214 young (219136K), 1 survivors (1024K)
 Metaspace       used 91295K, capacity 94568K, committed 94828K, reserved 1132544K
  class space    used 10936K, capacity 12167K, committed 12236K, reserved 1048576K
}
Event: 8265.814 GC heap after
{Heap after GC invocations=37 (full 0):
 garbage-first heap   total 366592K, used 70836K [0x0000000709800000, 0x0000000800000000)
  region size 1024K, 1 young (1024K), 1 survivors (1024K)
 Metaspace       used 91295K, capacity 94568K, committed 94828K, reserved 1132544K
  class space    used 10936K, capacity 12167K, committed 12236K, reserved 1048576K
}
Event: 8688.724 GC heap before
{Heap before GC invocations=37 (full 0):
 garbage-first heap   total 366592K, used 288948K [0x0000000709800000, 0x0000000800000000)
  region size 1024K, 214 young (219136K), 1 survivors (1024K)
 Metaspace       used 91295K, capacity 94568K, committed 94828K, reserved 1132544K
  class space    used 10936K, capacity 12167K, committed 12236K, reserved 1048576K
}
Event: 8688.727 GC heap after
{Heap after GC invocations=38 (full 0):
 garbage-first heap   total 366592K, used 70847K [0x0000000709800000, 0x0000000800000000)
  region size 1024K, 1 young (1024K), 1 survivors (1024K)
 Metaspace       used 91295K, capacity 94568K, committed 94828K, reserved 1132544K
  class space    used 10936K, capacity 12167K, committed 12236K, reserved 1048576K
}
Event: 9112.344 GC heap before
{Heap before GC invocations=38 (full 0):
 garbage-first heap   total 366592K, used 288959K [0x0000000709800000, 0x0000000800000000)
  region size 1024K, 214 young (219136K), 1 survivors (1024K)
 Metaspace       used 91295K, capacity 94568K, committed 94828K, reserved 1132544K
  class space    used 10936K, capacity 12167K, committed 12236K, reserved 1048576K
}
Event: 9112.348 GC heap after
{Heap after GC invocations=39 (full 0):
 garbage-first heap   total 366592K, used 70780K [0x0000000709800000, 0x0000000800000000)
  region size 1024K, 1 young (1024K), 1 survivors (1024K)
 Metaspace       used 91295K, capacity 94568K, committed 94828K, reserved 1132544K
  class space    used 10936K, capacity 12167K, committed 12236K, reserved 1048576K
}
Event: 9535.303 GC heap before
{Heap before GC invocations=39 (full 0):
 garbage-first heap   total 366592K, used 288892K [0x0000000709800000, 0x0000000800000000)
  region size 1024K, 214 young (219136K), 1 survivors (1024K)
 Metaspace       used 91295K, capacity 94568K, committed 94828K, reserved 1132544K
  class space    used 10936K, capacity 12167K, committed 12236K, reserved 1048576K
}
Event: 9535.306 GC heap after
{Heap after GC invocations=40 (full 0):
 garbage-first heap   total 366592K, used 70817K [0x0000000709800000, 0x0000000800000000)
  region size 1024K, 1 young (1024K), 1 survivors (1024K)
 Metaspace       used 91295K, capacity 94568K, committed 94828K, reserved 1132544K
  class space    used 10936K, capacity 12167K, committed 12236K, reserved 1048576K
}

